[18:05:32] [INIT] KubeJS 2101.7.2-build.368; MC 2101 NeoForge
[18:05:32] [INIT] Loaded plugins:
[18:05:32] [INIT] - dev.latvian.mods.kubejs.plugin.builtin.BuiltinKubeJSPlugin
[18:05:32] [INIT] - dev.latvian.mods.kubejs.integration.architectury.ArchitecturyIntegration
[18:05:32] [INIT] - com.klikli_dev.theurgykubejs.kubejs.TheurgyKubeJSPlugin
[18:05:32] [INIT] - dev.uncandango.kubejstweaks.kubejs.kjs71.plugin.KJSTPlugin
[18:05:32] [INIT] - dev.uncandango.kubejstweaks.kubejs.kjs72.plugin.KJSTPlugin
[18:05:32] [INIT] - dev.ftb.mods.ftbxmodcompat.neoforge.ftbquests.kubejs.FTBQuestsKubeJSPlugin
[18:05:32] [INIT] - dev.ftb.mods.ftbxmodcompat.neoforge.ftbchunks.kubejs.FTBChunksKubeJSPlugin
[18:05:32] [INIT] - dev.ftb.mods.ftbxmodcompat.neoforge.ftbteams.kubejs.FTBTeamsKubeJSPlugin
[18:05:32] [INIT] - dev.ftb.mods.ftbxmodcompat.neoforge.ftbfiltersystem.kubejs.FFSKubeJSPlugin
[18:05:32] [INIT] - com.almostreliable.summoningrituals.compat.kubejs.KubePlugin
[18:05:32] [INIT] - com.almostreliable.ponderjs.KubePlugin
[18:05:32] [INIT] - com.glodblock.github.extendedae.xmod.kjs.KJSPlugin
[18:05:35] [INFO] Loaded script startup_scripts:Applied Energistics/Universal_Press.js in 0.332 s
[18:05:35] [INFO] startup_scripts:catch_restrictions.js#1: Loaded Java class 'com.cobblemon.mod.common.Cobblemon'
[18:05:35] [INFO] startup_scripts:catch_restrictions.js#2: Loaded Java class 'com.cobblemon.mod.common.api.events.CobblemonEvents'
[18:05:35] [INFO] startup_scripts:catch_restrictions.js#145: Loaded Java class 'com.cobblemon.mod.common.api.pokedex.Dexes'
[18:05:35] [INFO] startup_scripts:catch_restrictions.js#147: Loaded Java class 'net.allthemods.allthemons.util.Region'
[18:05:35] [INFO] Loaded script startup_scripts:catch_restrictions.js in 0.154 s
[18:05:35] [INFO] startup_scripts:cobblemon_quests.js#39: Loaded Java class 'dev.ftb.mods.ftbquests.api.FTBQuestsAPI'
[18:05:35] [INFO] Loaded script startup_scripts:cobblemon_quests.js in 0.014 s
[18:05:35] [INFO] startup_scripts:CustomAdditions.js#4: Loaded Java class 'net.minecraft.core.registries.BuiltInRegistries'
[18:05:35] [INFO] startup_scripts:CustomAdditions.js#47: Loaded Java class 'com.google.common.base.Stopwatch'
[18:05:35] [INFO] Loaded script startup_scripts:CustomAdditions.js in 0.021 s
[18:05:35] [INFO] Loaded script startup_scripts:ExtendedAE/InfinityCells.js in 0.002 s
[18:05:35] [INFO] Loaded script startup_scripts:Farmer's Delight/Compatibility.js in 0.0 s
[18:05:35] [INFO] startup_scripts:hyperbox/hyperbox.js#1: Loaded Java class 'net.neoforged.neoforge.event.entity.player.PlayerEvent$PlayerChangedDimensionEvent'
[18:05:35] [INFO] Loaded script startup_scripts:hyperbox/hyperbox.js in 0.028 s
[18:05:35] [INFO] Loaded script startup_scripts:incompatible_versions.js in 0.001 s
[18:05:35] [INFO] startup_scripts:Mekanism/Compatibility.js#18: Loaded Java class 'mekanism.api.chemical.Chemical'
[18:05:35] [INFO] startup_scripts:Mekanism/Compatibility.js#19: Loaded Java class 'mekanism.api.chemical.ChemicalBuilder'
[18:05:35] [INFO] Loaded script startup_scripts:Mekanism/Compatibility.js in 0.02 s
[18:05:35] [INFO] startup_scripts:Shrink/polylib_fix.js#1: Loaded Java class 'net.creeperhost.polylib.init.DataComps'
[18:05:35] [INFO] Loaded script startup_scripts:Shrink/polylib_fix.js in 0.002 s
[18:05:35] [INFO] Loaded script startup_scripts:Summoning Rituals/regional_pika_star_ritual_renderer.js in 0.0 s
[18:05:35] [INFO] Loaded script startup_scripts:Theurgy/SulfurAdditions.js in 0.001 s
[18:05:35] [INFO] startup_scripts:update_checker.js#1: Loaded Java class 'org.apache.maven.artifact.versioning.DefaultArtifactVersion'
[18:05:35] [INFO] startup_scripts:update_checker.js#2: Loaded Java class 'java.util.Locale'
[18:05:35] [INFO] Loaded script startup_scripts:update_checker.js in 0.008 s
[18:05:35] [INFO] Loaded 13/13 KubeJS startup scripts in 3.019 s with 0 errors and 0 warnings
[18:05:35] [INFO] Validated 610 files in kubejs/data/ in 399ms
