[00:07:32.412] [INFO]: Loading config 'startup.json'.
[00:08:00.719] [INFO]: Loaded plugins: almostunified:neoforge, almostunified:common, integrateddynamicscompat:main
[00:08:29.355] [WARN]: Reload detected. Reconstructing runtime.
[00:08:29.365] [INFO]: Loading config 'debug.json'.
[00:08:29.375] [INFO]: Loading config 'placeholders.json'.
[00:08:29.399] [INFO]: Loading config 'tags.json'.
[00:08:29.469] [WARN]: The following mods are used in unification settings, but are not loaded: [biggerreactors]
[00:08:29.612] [INFO]: [TagSubstitutions] Added items of replaced tags to substitute tag '#c:storage_blocks/uranium'. Added items: [bigreactors:yellorium_block]
[00:08:29.616] [INFO]: [TagSubstitutions] Added items of replaced tags to substitute tag '#c:storage_blocks/raw_uranium'. Added items: [bigreactors:raw_yellorium_block]
[00:08:29.617] [INFO]: [TagSubstitutions] Added items of replaced tags to substitute tag '#c:ingots/uranium'. Added items: [bigreactors:yellorium_ingot]
[00:08:29.617] [INFO]: [TagSubstitutions] Added items of replaced tags to substitute tag '#c:raw_materials/uranium'. Added items: [bigreactors:raw_yellorium]
[00:08:29.729] [ERROR]: forbidden_arcanus:stella_arcanum is bound to multiple stone variant tags: TagKey[minecraft:item / c:ores_in_ground/stone] and TagKey[minecraft:item / c:ores_in_ground/deepslate]
[00:08:29.731] [ERROR]: forbidden_arcanus:stella_arcanum is bound to multiple stone variant tags: TagKey[minecraft:block / c:ores_in_ground/stone] and TagKey[minecraft:block / c:ores_in_ground/deepslate]
[00:08:29.766] [INFO]: [AutoHiding] Hiding 2/3 items for tag '#c:storage_blocks/raw_nickel' -> [oritech:raw_nickel_block, immersiveengineering:raw_block_nickel]
[00:08:29.778] [INFO]: [AutoHiding] Hiding 2/4 items for tag '#c:ores/lapis' -> [deeperdarker:gloomslate_lapis_ore, deeperdarker:sculk_stone_lapis_ore]
[00:08:29.781] [INFO]: [AutoHiding] Hiding 2/3 items for tag '#c:ingots/zinc' -> [create:zinc_ingot, railcraft:zinc_ingot]
[00:08:29.785] [INFO]: [AutoHiding] Hiding 2/3 items for tag '#c:gears/gold' -> [railcraft:gold_gear, industrialforegoing:gold_gear]
[00:08:29.785] [INFO]: [AutoHiding] Hiding 3/4 items for tag '#c:dusts/steel' -> [mekanism:dust_steel, immersiveengineering:dust_steel, oritech:steel_dust]
[00:08:29.788] [INFO]: [AutoHiding] Hiding 3/4 items for tag '#c:plates/copper' -> [railcraft:copper_plate, create:copper_sheet, immersiveengineering:plate_copper]
[00:08:29.797] [INFO]: [AutoHiding] Hiding 2/3 items for tag '#c:dusts/silver' -> [immersiveengineering:dust_silver, occultism:silver_dust]
[00:08:29.802] [INFO]: [AutoHiding] Hiding 2/3 items for tag '#c:dusts/netherite' -> [occultism:netherite_dust, mekanism:dust_netherite]
[00:08:29.806] [INFO]: [AutoHiding] Hiding 2/3 items for tag '#c:plates/steel' -> [railcraft:steel_plate, immersiveengineering:plate_steel]
[00:08:29.813] [INFO]: [AutoHiding] Hiding 4/5 items for tag '#c:raw_materials/uranium' -> [oritech:raw_uranium, immersiveengineering:raw_uranium, bigreactors:raw_yellorium, mekanism:raw_uranium]
[00:08:29.817] [INFO]: [AutoHiding] Hiding 5/6 items for tag '#c:dusts/gold' -> [mekanism:dust_gold, occultism:gold_dust, enderio:powdered_gold, oritech:gold_dust, immersiveengineering:dust_gold]
[00:08:29.818] [INFO]: [AutoHiding] Hiding 1/2 items for tag '#c:dusts/platinum' -> [oritech:platinum_dust]
[00:08:29.819] [INFO]: [AutoHiding] Hiding 1/2 items for tag '#c:clumps/zinc' -> [create:crushed_raw_zinc]
[00:08:29.824] [INFO]: [AutoHiding] Hiding 1/2 items for tag '#c:storage_blocks/ruby' -> [silentgems:ruby_block]
[00:08:29.824] [INFO]: [AutoHiding] Hiding 4/5 items for tag '#c:storage_blocks/silver' -> [occultism:silver_block, railcraft:silver_block, silentgems:silver_block, immersiveengineering:storage_silver]
[00:08:29.827] [INFO]: [AutoHiding] Hiding 1/2 items for tag '#c:shards/uranium' -> [mekanism:shard_uranium]
[00:08:29.830] [INFO]: [AutoHiding] Hiding 1/2 items for tag '#c:gears/netherite' -> [mifa:netherite_gear]
[00:08:29.835] [INFO]: [AutoHiding] Hiding 2/3 items for tag '#c:plates/nickel' -> [railcraft:nickel_plate, immersiveengineering:plate_nickel]
[00:08:29.837] [INFO]: [AutoHiding] Hiding 3/4 items for tag '#c:clumps/iron' -> [mekanism:clump_iron, create:crushed_raw_iron, oritech:iron_clump]
[00:08:29.843] [INFO]: [AutoHiding] Hiding 7/11 items for tag '#c:ores/nickel' -> [railcraft:deepslate_nickel_ore, immersiveengineering:ore_nickel, oritech:deepslate_nickel_ore, railcraft:nickel_ore, alltheores:other_nickel_ore, immersiveengineering:deepslate_ore_nickel, oritech:nickel_ore]
[00:08:29.847] [INFO]: [AutoHiding] Hiding 2/3 items for tag '#c:raw_materials/zinc' -> [create:raw_zinc, railcraft:zinc_raw]
[00:08:29.850] [INFO]: [AutoHiding] Hiding 1/2 items for tag '#c:storage_blocks/charcoal' -> [justdirethings:charcoal]
[00:08:29.852] [INFO]: [AutoHiding] Hiding 1/2 items for tag '#c:crystals/uranium' -> [mekanism:crystal_uranium]
[00:08:29.855] [INFO]: [AutoHiding] Hiding 1/2 items for tag '#c:dusts/osmium' -> [mekanism:dust_osmium]
[00:08:29.858] [INFO]: [AutoHiding] Hiding 1/2 items for tag '#c:gears/diamond' -> [industrialforegoing:diamond_gear]
[00:08:29.859] [INFO]: [AutoHiding] Hiding 1/2 items for tag '#c:ingots/aluminum' -> [immersiveengineering:ingot_aluminum]
[00:08:29.862] [INFO]: [AutoHiding] Hiding 1/2 items for tag '#c:plates/bronze' -> [railcraft:bronze_plate]
[00:08:29.865] [INFO]: [AutoHiding] Hiding 3/4 items for tag '#c:plates/gold' -> [create:golden_sheet, railcraft:gold_plate, immersiveengineering:plate_gold]
[00:08:29.871] [INFO]: [AutoHiding] Hiding 3/4 items for tag '#c:nuggets/nickel' -> [immersiveengineering:nugget_nickel, railcraft:nickel_nugget, oritech:nickel_nugget]
[00:08:29.877] [INFO]: [AutoHiding] Hiding 3/4 items for tag '#c:clumps/copper' -> [oritech:copper_clump, create:crushed_raw_copper, mekanism:clump_copper]
[00:08:29.883] [INFO]: [AutoHiding] Hiding 1/2 items for tag '#c:nuggets/osmium' -> [mekanism:nugget_osmium]
[00:08:29.890] [INFO]: [AutoHiding] Hiding 3/4 items for tag '#c:ingots/bronze' -> [railcraft:bronze_ingot, mekanism:ingot_bronze, silentgear:bronze_ingot]
[00:08:29.902] [INFO]: [AutoHiding] Hiding 4/6 items for tag '#c:ores/iron' -> [undergarden:shiverstone_iron_ore, undergarden:depthrock_iron_ore, deeperdarker:gloomslate_iron_ore, deeperdarker:sculk_stone_iron_ore]
[00:08:29.907] [INFO]: [AutoHiding] Hiding 3/4 items for tag '#c:raw_materials/lead' -> [mekanism:raw_lead, immersiveengineering:raw_lead, railcraft:lead_raw]
[00:08:29.915] [INFO]: [AutoHiding] Hiding 2/3 items for tag '#c:nuggets/tin' -> [mekanism:nugget_tin, railcraft:tin_nugget]
[00:08:29.916] [INFO]: [AutoHiding] Hiding 1/2 items for tag '#c:shards/iron' -> [mekanism:shard_iron]
[00:08:29.917] [INFO]: [AutoHiding] Hiding 1/2 items for tag '#c:storage_blocks/raw_tin' -> [mekanism:block_raw_tin]
[00:08:29.917] [INFO]: [AutoHiding] Hiding 1/2 items for tag '#c:dirty_dusts/osmium' -> [mekanism:dirty_dust_osmium]
[00:08:29.917] [INFO]: [AutoHiding] Hiding 1/2 items for tag '#c:rods/silver' -> [silentgems:silver_rod]
[00:08:29.919] [INFO]: [AutoHiding] Hiding 2/3 items for tag '#c:nuggets/uranium' -> [immersiveengineering:nugget_uranium, mekanism:nugget_uranium]
[00:08:29.922] [INFO]: [AutoHiding] Hiding 1/2 items for tag '#c:gems/fluorite' -> [mekanism:fluorite_gem]
[00:08:29.925] [INFO]: [AutoHiding] Hiding 1/2 items for tag '#c:ingots/platinum' -> [oritech:platinum_ingot]
[00:08:29.928] [INFO]: [AutoHiding] Hiding 2/3 items for tag '#c:plates/electrum' -> [immersiveengineering:plate_electrum, createaddition:electrum_sheet]
[00:08:29.934] [INFO]: [AutoHiding] Hiding 1/2 items for tag '#c:crystals/lead' -> [mekanism:crystal_lead]
[00:08:29.936] [INFO]: [AutoHiding] Hiding 2/3 items for tag '#c:storage_blocks/raw_lead' -> [immersiveengineering:raw_block_lead, mekanism:block_raw_lead]
[00:08:29.938] [INFO]: [AutoHiding] Hiding 1/2 items for tag '#c:dusts/constantan' -> [immersiveengineering:dust_constantan]
[00:08:29.945] [INFO]: [AutoHiding] Hiding 5/9 items for tag '#c:ores/zinc' -> [create:deepslate_zinc_ore, railcraft:zinc_ore, alltheores:other_zinc_ore, railcraft:deepslate_zinc_ore, create:zinc_ore]
[00:08:29.947] [INFO]: [AutoHiding] Hiding 1/2 items for tag '#c:gears/nickel' -> [railcraft:nickel_gear]
[00:08:29.951] [INFO]: [AutoHiding] Hiding 3/7 items for tag '#c:ores/osmium' -> [mekanism:deepslate_osmium_ore, mekanism:osmium_ore, alltheores:other_osmium_ore]
[00:08:29.951] [INFO]: [AutoHiding] Hiding 2/3 items for tag '#c:clumps/nickel' -> [create:crushed_raw_nickel, oritech:nickel_clump]
[00:08:29.955] [INFO]: [AutoHiding] Hiding 1/2 items for tag '#c:dusts/fluorite' -> [mekanism:dust_fluorite]
[00:08:29.959] [INFO]: [AutoHiding] Hiding 1/2 items for tag '#c:dirty_dusts/lead' -> [mekanism:dirty_dust_lead]
[00:08:29.960] [INFO]: [AutoHiding] Hiding 3/4 items for tag '#c:clumps/gold' -> [oritech:gold_clump, mekanism:clump_gold, create:crushed_raw_gold]
[00:08:29.960] [INFO]: [AutoHiding] Hiding 2/3 items for tag '#c:plates/zinc' -> [createaddition:zinc_sheet, railcraft:zinc_plate]
[00:08:29.963] [INFO]: [AutoHiding] Hiding 4/5 items for tag '#c:nuggets/silver' -> [occultism:silver_nugget, immersiveengineering:nugget_silver, railcraft:silver_nugget, silentgems:silver_nugget]
[00:08:29.966] [INFO]: [AutoHiding] Hiding 2/3 items for tag '#c:storage_blocks/tin' -> [railcraft:tin_block, mekanism:block_tin]
[00:08:29.968] [INFO]: [AutoHiding] Hiding 1/2 items for tag '#c:storage_blocks/raw_aluminum' -> [immersiveengineering:raw_block_aluminum]
[00:08:29.971] [INFO]: [AutoHiding] Hiding 2/3 items for tag '#c:nuggets/bronze' -> [railcraft:bronze_nugget, mekanism:nugget_bronze]
[00:08:29.973] [INFO]: [AutoHiding] Hiding 1/2 items for tag '#c:storage_blocks/raw_platinum' -> [oritech:raw_platinum_block]
[00:08:29.977] [INFO]: [AutoHiding] Hiding 1/2 items for tag '#c:crystals/copper' -> [mekanism:crystal_copper]
[00:08:29.979] [INFO]: [AutoHiding] Hiding 1/2 items for tag '#c:gems/ruby' -> [silentgems:ruby]
[00:08:29.981] [INFO]: [AutoHiding] Hiding 1/2 items for tag '#c:storage_blocks/peridot' -> [silentgems:peridot_block]
[00:08:29.983] [INFO]: [AutoHiding] Hiding 1/2 items for tag '#c:storage_blocks/raw_zinc' -> [create:raw_zinc_block]
[00:08:29.986] [INFO]: [AutoHiding] Hiding 3/4 items for tag '#c:plates/iron' -> [create:iron_sheet, railcraft:iron_plate, immersiveengineering:plate_iron]
[00:08:29.987] [INFO]: [AutoHiding] Hiding 1/2 items for tag '#c:rods/aluminum' -> [immersiveengineering:stick_aluminum]
[00:08:29.987] [INFO]: [AutoHiding] Hiding 1/2 items for tag '#c:nuggets/constantan' -> [immersiveengineering:nugget_constantan]
[00:08:29.988] [INFO]: [AutoHiding] Hiding 1/2 items for tag '#c:dusts/charcoal' -> [railcraft:charcoal_dust]
[00:08:29.988] [INFO]: [AutoHiding] Hiding 1/2 items for tag '#c:shards/lead' -> [mekanism:shard_lead]
[00:08:29.991] [INFO]: [AutoHiding] Hiding 3/4 items for tag '#c:ingots/electrum' -> [createaddition:electrum_ingot, immersiveengineering:ingot_electrum, oritech:electrum_ingot]
[00:08:29.994] [INFO]: [AutoHiding] Hiding 3/4 items for tag '#c:dusts/diamond' -> [appflux:diamond_dust, createaddition:diamond_grit, mekanism:dust_diamond]
[00:08:29.997] [INFO]: [AutoHiding] Hiding 3/4 items for tag '#c:dusts/uranium' -> [oritech:uranium_dust, immersiveengineering:dust_uranium, mekanism:dust_uranium]
[00:08:30.002] [INFO]: [AutoHiding] Hiding 7/11 items for tag '#c:ores/lead' -> [railcraft:deepslate_lead_ore, mekanism:lead_ore, alltheores:other_lead_ore, railcraft:lead_ore, immersiveengineering:ore_lead, immersiveengineering:deepslate_ore_lead, mekanism:deepslate_lead_ore]
[00:08:30.003] [INFO]: [AutoHiding] Hiding 1/2 items for tag '#c:gears/bronze' -> [railcraft:bronze_gear]
[00:08:30.006] [INFO]: [AutoHiding] Hiding 3/4 items for tag '#c:ingots/lead' -> [immersiveengineering:ingot_lead, mekanism:ingot_lead, railcraft:lead_ingot]
[00:08:30.007] [INFO]: [AutoHiding] Hiding 1/2 items for tag '#c:gears/silver' -> [railcraft:silver_gear]
[00:08:30.012] [INFO]: [AutoHiding] Hiding 2/3 items for tag '#c:clumps/platinum' -> [oritech:platinum_clump, create:crushed_raw_platinum]
[00:08:30.016] [INFO]: [AutoHiding] Hiding 1/2 items for tag '#c:shards/tin' -> [mekanism:shard_tin]
[00:08:30.021] [INFO]: [AutoHiding] Hiding 3/4 items for tag '#c:storage_blocks/uranium' -> [immersiveengineering:storage_uranium, mekanism:block_uranium, bigreactors:yellorium_block]
[00:08:30.023] [INFO]: [AutoHiding] Hiding 9/13 items for tag '#c:ores/silver' -> [silentgems:deepslate_silver_ore, railcraft:deepslate_silver_ore, occultism:silver_ore, immersiveengineering:ore_silver, silentgems:silver_ore, alltheores:other_silver_ore, railcraft:silver_ore, immersiveengineering:deepslate_ore_silver, occultism:silver_ore_deepslate]
[00:08:30.025] [INFO]: [AutoHiding] Hiding 2/3 items for tag '#c:clumps/uranium' -> [create:crushed_raw_uranium, mekanism:clump_uranium]
[00:08:30.028] [INFO]: [AutoHiding] Hiding 5/6 items for tag '#c:dusts/copper' -> [enderio:powdered_copper, immersiveengineering:dust_copper, mekanism:dust_copper, occultism:copper_dust, oritech:copper_dust]
[00:08:30.032] [INFO]: [AutoHiding] Hiding 1/2 items for tag '#c:rods/netherite' -> [immersiveengineering:stick_netherite]
[00:08:30.037] [INFO]: [AutoHiding] Hiding 3/7 items for tag '#c:ores/aluminum' -> [alltheores:other_aluminum_ore, immersiveengineering:deepslate_ore_aluminum, immersiveengineering:ore_aluminum]
[00:08:30.041] [INFO]: [AutoHiding] Hiding 1/2 items for tag '#c:crystals/tin' -> [mekanism:crystal_tin]
[00:08:30.043] [INFO]: [AutoHiding] Hiding 3/4 items for tag '#c:nuggets/steel' -> [mekanism:nugget_steel, railcraft:steel_nugget, immersiveengineering:nugget_steel]
[00:08:30.046] [INFO]: [AutoHiding] Hiding 3/4 items for tag '#c:rods/iron' -> [silentgear:iron_rod, createaddition:iron_rod, immersiveengineering:stick_iron]
[00:08:30.047] [INFO]: [AutoHiding] Hiding 1/2 items for tag '#c:crystals/osmium' -> [mekanism:crystal_osmium]
[00:08:30.047] [INFO]: [AutoHiding] Hiding 2/4 items for tag '#c:ores/emerald' -> [deeperdarker:sculk_stone_emerald_ore, deeperdarker:gloomslate_emerald_ore]
[00:08:30.047] [INFO]: [AutoHiding] Hiding 1/2 items for tag '#c:dusts/bronze' -> [mekanism:dust_bronze]
[00:08:30.048] [INFO]: [AutoHiding] Hiding 3/4 items for tag '#c:raw_materials/silver' -> [immersiveengineering:raw_silver, railcraft:silver_raw, occultism:raw_silver]
[00:08:30.048] [INFO]: [AutoHiding] Hiding 1/2 items for tag '#c:gears/lead' -> [railcraft:lead_gear]
[00:08:30.048] [INFO]: [AutoHiding] Hiding 1/2 items for tag '#c:shards/copper' -> [mekanism:shard_copper]
[00:08:30.051] [INFO]: [AutoHiding] Hiding 2/3 items for tag '#c:plates/silver' -> [railcraft:silver_plate, immersiveengineering:plate_silver]
[00:08:30.054] [INFO]: [AutoHiding] Hiding 1/2 items for tag '#c:gears/steel' -> [railcraft:steel_gear]
[00:08:30.056] [INFO]: [AutoHiding] Hiding 1/2 items for tag '#c:storage_blocks/invar' -> [railcraft:invar_block]
[00:08:30.060] [INFO]: [AutoHiding] Hiding 1/2 items for tag '#c:gears/tin' -> [railcraft:tin_gear]
[00:08:30.063] [INFO]: [AutoHiding] Hiding 2/3 items for tag '#c:dusts/electrum' -> [immersiveengineering:dust_electrum, oritech:electrum_dust]
[00:08:30.066] [INFO]: [AutoHiding] Hiding 3/4 items for tag '#c:storage_blocks/electrum' -> [immersiveengineering:storage_electrum, createaddition:electrum_block, oritech:electrum_block]
[00:08:30.069] [INFO]: [AutoHiding] Hiding 1/2 items for tag '#c:dirty_dusts/uranium' -> [mekanism:dirty_dust_uranium]
[00:08:30.069] [INFO]: [AutoHiding] Hiding 4/6 items for tag '#c:ores/coal' -> [undergarden:depthrock_coal_ore, deeperdarker:gloomslate_coal_ore, undergarden:shiverstone_coal_ore, deeperdarker:sculk_stone_coal_ore]
[00:08:30.069] [INFO]: [AutoHiding] Hiding 1/2 items for tag '#c:plates/uranium' -> [immersiveengineering:plate_uranium]
[00:08:30.069] [INFO]: [AutoHiding] Hiding 1/2 items for tag '#c:storage_blocks/aluminum' -> [immersiveengineering:storage_aluminum]
[00:08:30.069] [INFO]: [AutoHiding] Hiding 1/2 items for tag '#c:raw_materials/platinum' -> [oritech:raw_platinum]
[00:08:30.071] [INFO]: [AutoHiding] Hiding 3/4 items for tag '#c:dusts/coal' -> [railcraft:coal_dust, oritech:coal_dust, enderio:powdered_coal]
[00:08:30.072] [INFO]: [AutoHiding] Hiding 2/3 items for tag '#c:storage_blocks/bronze' -> [railcraft:bronze_block, mekanism:block_bronze]
[00:08:30.072] [INFO]: [AutoHiding] Hiding 4/5 items for tag '#c:storage_blocks/raw_uranium' -> [mekanism:block_raw_uranium, oritech:raw_uranium_block, immersiveengineering:raw_block_uranium, bigreactors:raw_yellorium_block]
[00:08:30.073] [INFO]: [AutoHiding] Hiding 2/3 items for tag '#c:clumps/osmium' -> [mekanism:clump_osmium, create:crushed_raw_osmium]
[00:08:30.073] [INFO]: [AutoHiding] Hiding 2/3 items for tag '#c:storage_blocks/raw_silver' -> [immersiveengineering:raw_block_silver, occultism:raw_silver_block]
[00:08:30.073] [INFO]: [AutoHiding] Hiding 1/2 items for tag '#c:plates/constantan' -> [immersiveengineering:plate_constantan]
[00:08:30.074] [INFO]: [AutoHiding] Hiding 5/9 items for tag '#c:ores/tin' -> [railcraft:deepslate_tin_ore, mekanism:tin_ore, alltheores:other_tin_ore, railcraft:tin_ore, mekanism:deepslate_tin_ore]
[00:08:30.076] [INFO]: [AutoHiding] Hiding 1/2 items for tag '#c:ingots/osmium' -> [mekanism:ingot_osmium]
[00:08:30.077] [INFO]: [AutoHiding] Hiding 1/2 items for tag '#c:dirty_dusts/copper' -> [mekanism:dirty_dust_copper]
[00:08:30.077] [INFO]: [AutoHiding] Hiding 2/3 items for tag '#c:nuggets/zinc' -> [railcraft:zinc_nugget, create:zinc_nugget]
[00:08:30.078] [INFO]: [AutoHiding] Hiding 2/3 items for tag '#c:dusts/tin' -> [mekanism:dust_tin, enderio:powdered_tin]
[00:08:30.078] [INFO]: [AutoHiding] Hiding 2/3 items for tag '#c:silicon' -> [oritech:silicon, enderio:silicon]
[00:08:30.081] [INFO]: [AutoHiding] Hiding 2/3 items for tag '#c:dusts/ender_pearl' -> [enderio:powdered_ender_pearl, railcraft:ender_dust]
[00:08:30.082] [INFO]: [AutoHiding] Hiding 2/3 items for tag '#c:dusts/nickel' -> [immersiveengineering:dust_nickel, oritech:nickel_dust]
[00:08:30.083] [INFO]: [AutoHiding] Hiding 5/9 items for tag '#c:ores/ruby' -> [silentgems:nether_ruby_ore, silentgems:ruby_ore, silentgems:end_ruby_ore, alltheores:other_ruby_ore, silentgems:deepslate_ruby_ore]
[00:08:30.085] [INFO]: [AutoHiding] Hiding 1/2 items for tag '#c:storage_blocks/sapphire' -> [silentgems:sapphire_block]
[00:08:30.092] [INFO]: [AutoHiding] Hiding 5/9 items for tag '#c:ores/peridot' -> [silentgems:end_peridot_ore, silentgems:peridot_ore, silentgems:nether_peridot_ore, silentgems:deepslate_peridot_ore, alltheores:other_peridot_ore]
[00:08:30.103] [INFO]: [AutoHiding] Hiding 2/3 items for tag '#c:plates/brass' -> [create:brass_sheet, railcraft:brass_plate]
[00:08:30.103] [INFO]: [AutoHiding] Hiding 2/3 items for tag '#c:dusts/emerald' -> [occultism:emerald_dust, appflux:emerald_dust]
[00:08:30.103] [INFO]: [AutoHiding] Hiding 1/2 items for tag '#c:dusts/aluminum' -> [immersiveengineering:dust_aluminum]
[00:08:30.105] [INFO]: [AutoHiding] Hiding 4/5 items for tag '#c:dusts/obsidian' -> [enderio:powdered_obsidian, railcraft:obsidian_dust, create:powdered_obsidian, occultism:obsidian_dust]
[00:08:30.105] [INFO]: [AutoHiding] Hiding 1/2 items for tag '#c:storage_blocks/constantan' -> [immersiveengineering:storage_constantan]
[00:08:30.105] [INFO]: [AutoHiding] Hiding 1/2 items for tag '#c:ingots/invar' -> [railcraft:invar_ingot]
[00:08:30.105] [INFO]: [AutoHiding] Hiding 2/3 items for tag '#c:dusts/lapis' -> [enderio:powdered_lapis_lazuli, occultism:lapis_dust]
[00:08:30.112] [INFO]: [AutoHiding] Hiding 2/3 items for tag '#c:dusts/lead' -> [immersiveengineering:dust_lead, mekanism:dust_lead]
[00:08:30.121] [INFO]: [AutoHiding] Hiding 3/7 items for tag '#c:ores/platinum' -> [oritech:deepslate_platinum_ore, oritech:endstone_platinum_ore, alltheores:other_platinum_ore]
[00:08:30.125] [INFO]: [AutoHiding] Hiding 1/2 items for tag '#c:nuggets/aluminum' -> [immersiveengineering:nugget_aluminum]
[00:08:30.129] [INFO]: [AutoHiding] Hiding 1/2 items for tag '#c:dirty_dusts/iron' -> [mekanism:dirty_dust_iron]
[00:08:30.131] [INFO]: [AutoHiding] Hiding 2/3 items for tag '#c:storage_blocks/zinc' -> [railcraft:zinc_block, create:zinc_block]
[00:08:30.138] [INFO]: [AutoHiding] Hiding 1/2 items for tag '#c:plates/invar' -> [railcraft:invar_plate]
[00:08:30.139] [INFO]: [AutoHiding] Hiding 2/3 items for tag '#c:plates/lead' -> [immersiveengineering:plate_lead, railcraft:lead_plate]
[00:08:30.144] [INFO]: [AutoHiding] Hiding 8/12 items for tag '#c:ores/uranium' -> [bigreactors:deepslate_yellorite_ore, bigreactors:yellorite_ore, alltheores:other_uranium_ore, mekanism:deepslate_uranium_ore, mekanism:uranium_ore, immersiveengineering:ore_uranium, oritech:deepslate_uranium_ore, immersiveengineering:deepslate_ore_uranium]
[00:08:30.147] [INFO]: [AutoHiding] Hiding 1/2 items for tag '#atm10:tiny_charcoals' -> [actuallyadditions:tiny_charcoal]
[00:08:30.150] [INFO]: [AutoHiding] Hiding 3/4 items for tag '#c:nuggets/lead' -> [mekanism:nugget_lead, immersiveengineering:nugget_lead, railcraft:lead_nugget]
[00:08:30.151] [INFO]: [AutoHiding] Hiding 1/2 items for tag '#c:rods/gold' -> [createaddition:gold_rod]
[00:08:30.151] [INFO]: [AutoHiding] Hiding 1/2 items for tag '#c:crystals/iron' -> [mekanism:crystal_iron]
[00:08:30.151] [INFO]: [AutoHiding] Hiding 2/3 items for tag '#c:raw_materials/tin' -> [mekanism:raw_tin, railcraft:tin_raw]
[00:08:30.151] [INFO]: [AutoHiding] Hiding 1/2 items for tag '#c:plates/tin' -> [railcraft:tin_plate]
[00:08:30.155] [INFO]: [AutoHiding] Hiding 6/8 items for tag '#c:ores/redstone' -> [eternal_starlight:haze_ice_redstone_ore, eternal_starlight:grimstone_redstone_ore, eternal_starlight:voidstone_redstone_ore, eternal_starlight:eternal_ice_redstone_ore, deeperdarker:sculk_stone_redstone_ore, deeperdarker:gloomslate_redstone_ore]
[00:08:30.159] [INFO]: [AutoHiding] Hiding 1/2 items for tag '#c:rods/steel' -> [immersiveengineering:stick_steel]
[00:08:30.163] [INFO]: [AutoHiding] Hiding 1/2 items for tag '#c:rods/electrum' -> [createaddition:electrum_rod]
[00:08:30.165] [INFO]: [AutoHiding] Hiding 3/4 items for tag '#c:dusts/sulfur' -> [immersiveengineering:dust_sulfur, mekanism:dust_sulfur, railcraft:sulfur_dust]
[00:08:30.168] [INFO]: [AutoHiding] Hiding 4/5 items for tag '#c:ingots/silver' -> [railcraft:silver_ingot, silentgems:silver_ingot, occultism:silver_ingot, immersiveengineering:ingot_silver]
[00:08:30.170] [INFO]: [AutoHiding] Hiding 1/2 items for tag '#c:gears/zinc' -> [railcraft:zinc_gear]
[00:08:30.171] [INFO]: [AutoHiding] Hiding 1/2 items for tag '#c:storage_blocks/raw_osmium' -> [mekanism:block_raw_osmium]
[00:08:30.175] [INFO]: [AutoHiding] Hiding 1/2 items for tag '#c:crystals/gold' -> [mekanism:crystal_gold]
[00:08:30.177] [INFO]: [AutoHiding] Hiding 1/2 items for tag '#c:gems/sapphire' -> [silentgems:sapphire]
[00:08:30.181] [INFO]: [AutoHiding] Hiding 2/3 items for tag '#c:ingots/brass' -> [railcraft:brass_ingot, create:brass_ingot]
[00:08:30.189] [INFO]: [AutoHiding] Hiding 1/2 items for tag '#c:clumps/tin' -> [mekanism:clump_tin]
[00:08:30.191] [INFO]: [AutoHiding] Hiding 1/2 items for tag '#c:rods/copper' -> [createaddition:copper_rod]
[00:08:30.195] [INFO]: [AutoHiding] Hiding 1/2 items for tag '#atm10:tiny_coals' -> [actuallyadditions:tiny_coal]
[00:08:30.201] [INFO]: [AutoHiding] Hiding 3/4 items for tag '#c:gears/iron' -> [industrialforegoing:iron_gear, enderio:iron_gear, railcraft:iron_gear]
[00:08:30.205] [INFO]: [AutoHiding] Hiding 2/3 items for tag '#c:ingots/tin' -> [railcraft:tin_ingot, mekanism:ingot_tin]
[00:08:30.211] [INFO]: [AutoHiding] Hiding 1/2 items for tag '#c:dirty_dusts/gold' -> [mekanism:dirty_dust_gold]
[00:08:30.213] [INFO]: [AutoHiding] Hiding 1/2 items for tag '#c:storage_blocks/fluorite' -> [mekanism:block_fluorite]
[00:08:30.213] [INFO]: [AutoHiding] Hiding 3/7 items for tag '#c:ores/sulfur' -> [railcraft:deepslate_sulfur_ore, alltheores:other_sulfur_ore, railcraft:sulfur_ore]
[00:08:30.215] [INFO]: [AutoHiding] Hiding 4/5 items for tag '#c:storage_blocks/steel' -> [oritech:steel_block, mekanism:block_steel, railcraft:steel_block, immersiveengineering:storage_steel]
[00:08:30.215] [INFO]: [AutoHiding] Hiding 1/2 items for tag '#c:raw_materials/aluminum' -> [immersiveengineering:raw_aluminum]
[00:08:30.217] [INFO]: [AutoHiding] Hiding 5/6 items for tag '#c:nuggets/copper' -> [oritech:copper_nugget, immersiveengineering:nugget_copper, create:copper_nugget, everythingcopper:copper_nugget, pneumaticcraft:copper_nugget]
[00:08:30.221] [INFO]: [AutoHiding] Hiding 1/2 items for tag '#c:clumps/lead' -> [mekanism:clump_lead]
[00:08:30.225] [INFO]: [AutoHiding] Hiding 3/4 items for tag '#c:storage_blocks/lead' -> [immersiveengineering:storage_lead, railcraft:lead_block, mekanism:block_lead]
[00:08:30.229] [INFO]: [AutoHiding] Hiding 3/7 items for tag '#c:ores/fluorite' -> [mekanism:deepslate_fluorite_ore, alltheores:other_fluorite_ore, mekanism:fluorite_ore]
[00:08:30.235] [INFO]: [AutoHiding] Hiding 2/3 items for tag '#c:nuggets/brass' -> [create:brass_nugget, railcraft:brass_nugget]
[00:08:30.238] [INFO]: [AutoHiding] Hiding 5/9 items for tag '#c:ores/sapphire' -> [silentgems:nether_sapphire_ore, silentgems:deepslate_sapphire_ore, silentgems:end_sapphire_ore, alltheores:other_sapphire_ore, silentgems:sapphire_ore]
[00:08:30.239] [INFO]: [AutoHiding] Hiding 2/3 items for tag '#c:nuggets/electrum' -> [immersiveengineering:nugget_electrum, createaddition:electrum_nugget]
[00:08:30.239] [INFO]: [AutoHiding] Hiding 3/4 items for tag '#c:ingots/nickel' -> [railcraft:nickel_ingot, oritech:nickel_ingot, immersiveengineering:ingot_nickel]
[00:08:30.239] [INFO]: [AutoHiding] Hiding 2/3 items for tag '#c:storage_blocks/brass' -> [create:brass_block, railcraft:brass_block]
[00:08:30.239] [INFO]: [AutoHiding] Hiding 1/2 items for tag '#c:shards/osmium' -> [mekanism:shard_osmium]
[00:08:30.245] [INFO]: [AutoHiding] Hiding 3/6 items for tag '#c:ores/gold' -> [undergarden:depthrock_gold_ore, deeperdarker:gloomslate_gold_ore, deeperdarker:sculk_stone_gold_ore]
[00:08:30.249] [INFO]: [AutoHiding] Hiding 5/6 items for tag '#c:dusts/iron' -> [mekanism:dust_iron, occultism:iron_dust, enderio:powdered_iron, oritech:iron_dust, immersiveengineering:dust_iron]
[00:08:30.249] [INFO]: [AutoHiding] Hiding 1/2 items for tag '#c:shards/gold' -> [mekanism:shard_gold]
[00:08:30.250] [INFO]: [AutoHiding] Hiding 1/2 items for tag '#c:dirty_dusts/tin' -> [mekanism:dirty_dust_tin]
[00:08:30.251] [INFO]: [AutoHiding] Hiding 1/2 items for tag '#c:storage_blocks/osmium' -> [mekanism:block_osmium]
[00:08:30.252] [INFO]: [AutoHiding] Hiding 1/2 items for tag '#c:gears/copper' -> [railcraft:copper_gear]
[00:08:30.254] [INFO]: [AutoHiding] Hiding 3/4 items for tag '#c:raw_materials/nickel' -> [immersiveengineering:raw_nickel, oritech:raw_nickel, railcraft:nickel_raw]
[00:08:30.255] [INFO]: [AutoHiding] Hiding 1/2 items for tag '#c:gears/invar' -> [railcraft:invar_gear]
[00:08:30.255] [INFO]: [AutoHiding] Hiding 3/4 items for tag '#c:storage_blocks/nickel' -> [railcraft:nickel_block, immersiveengineering:storage_nickel, oritech:nickel_block]
[00:08:30.256] [INFO]: [AutoHiding] Hiding 4/6 items for tag '#c:ores/diamond' -> [undergarden:shiverstone_diamond_ore, deeperdarker:sculk_stone_diamond_ore, deeperdarker:gloomslate_diamond_ore, undergarden:depthrock_diamond_ore]
[00:08:30.256] [INFO]: [AutoHiding] Hiding 1/2 items for tag '#c:ingots/constantan' -> [immersiveengineering:ingot_constantan]
[00:08:30.256] [INFO]: [AutoHiding] Hiding 2/4 items for tag '#c:ores/copper' -> [deeperdarker:sculk_stone_copper_ore, deeperdarker:gloomslate_copper_ore]
[00:08:30.257] [INFO]: [AutoHiding] Hiding 1/2 items for tag '#c:nuggets/invar' -> [railcraft:invar_nugget]
[00:08:30.258] [INFO]: [AutoHiding] Hiding 1/2 items for tag '#c:gems/peridot' -> [silentgems:peridot]
[00:08:30.265] [INFO]: [AutoHiding] Hiding 4/5 items for tag '#c:ingots/steel' -> [railcraft:steel_ingot, mekanism:ingot_steel, immersiveengineering:ingot_steel, oritech:steel_ingot]
[00:08:30.268] [INFO]: [AutoHiding] Hiding 1/2 items for tag '#c:nuggets/platinum' -> [oritech:platinum_nugget]
[00:08:30.271] [INFO]: [AutoHiding] Hiding 1/2 items for tag '#c:storage_blocks/platinum' -> [oritech:platinum_block]
[00:08:30.272] [INFO]: [AutoHiding] Hiding 1/2 items for tag '#c:raw_materials/osmium' -> [mekanism:raw_osmium]
[00:08:30.273] [INFO]: [AutoHiding] Hiding 1/2 items for tag '#c:gears/brass' -> [railcraft:brass_gear]
[00:08:30.273] [INFO]: [AutoHiding] Hiding 1/2 items for tag '#c:plates/aluminum' -> [immersiveengineering:plate_aluminum]
[00:08:30.273] [INFO]: [AutoHiding] Hiding 1/2 items for tag '#c:rods/brass' -> [createaddition:brass_rod]
[00:08:30.274] [INFO]: [AutoHiding] Hiding 3/4 items for tag '#c:ingots/uranium' -> [immersiveengineering:ingot_uranium, bigreactors:yellorium_ingot, mekanism:ingot_uranium]
[00:08:33.250] [INFO]: Loading config 'duplicates.json'.
[00:08:33.269] [INFO]: Recipe count: 50529
[00:08:33.569] [WARN]: Could not detect recipe type for recipe 'sushigocrafting:fermenting_barrel/soy', skipping.
[00:08:33.655] [WARN]: Could not detect recipe type for recipe 'immersiveengineering:arc_recycling_list', skipping.
[00:08:33.823] [INFO]: 45519 out of 50529 recipes were loaded for unification.
[00:08:36.219] [INFO]: Recipe count afterwards: 49865 (done in 2.949 s)
